2024-11-11 11:19:57,452 [WARNING] (trapped) error reading bcrypt version
Traceback (most recent call last):
  File "/Users/nevilsmac/Downloads/CMPE 272/cmpe272env/cmpe272/lib/python3.11/site-packages/passlib/handlers/bcrypt.py", line 620, in _load_backend_mixin
    version = _bcrypt.__about__.__version__
              ^^^^^^^^^^^^^^^^^
AttributeError: module 'bcrypt' has no attribute '__about__'
2024-11-12 17:13:47,259 [WARNING] (trapped) error reading bcrypt version
Traceback (most recent call last):
  File "/Users/nevilsmac/Downloads/CMPE 272/cmpe272env/cmpe272/lib/python3.11/site-packages/passlib/handlers/bcrypt.py", line 620, in _load_backend_mixin
    version = _bcrypt.__about__.__version__
              ^^^^^^^^^^^^^^^^^
AttributeError: module 'bcrypt' has no attribute '__about__'
2024-11-12 17:25:03,470 [WARNING] (trapped) error reading bcrypt version
Traceback (most recent call last):
  File "/Users/nevilsmac/Downloads/CMPE 272/cmpe272env/cmpe272/lib/python3.11/site-packages/passlib/handlers/bcrypt.py", line 620, in _load_backend_mixin
    version = _bcrypt.__about__.__version__
              ^^^^^^^^^^^^^^^^^
AttributeError: module 'bcrypt' has no attribute '__about__'
2024-11-12 17:56:21,147 [INFO] Retrieved 7 transactions for ticker 'AAPL' in period '1m'
2024-11-12 17:56:33,790 [WARNING] No transactions found for ticker 'META' in period '1m'
2024-11-12 17:56:41,581 [WARNING] No transactions found for ticker 'META' in period '3m'
2024-11-12 17:56:54,976 [WARNING] No transactions found for ticker 'META' in period '6m'
2024-11-12 17:57:09,596 [INFO] Retrieved 54 transactions for ticker 'AAPL' in period '6m'
2024-11-12 18:01:25,072 [INFO] Retrieved 54 transactions for ticker 'AAPL' in period '6m'
2024-11-12 18:05:54,617 [WARNING] No transactions found for ticker 'META' in period '6m'
2024-11-12 18:06:07,151 [INFO] Retrieved 54 transactions for ticker 'AAPL' in period '6m'
2024-11-12 18:06:22,050 [WARNING] No transactions found for ticker 'NVDA' in period '6m'
2024-11-12 18:07:02,001 [INFO] Retrieved 54 transactions for ticker 'AAPL' in period '6m'
2024-11-12 18:11:14,982 [INFO] Retrieved 54 transactions for ticker 'AAPL' in period '6m'
2024-11-12 18:13:07,938 [INFO] Retrieved 54 transactions for ticker 'AAPL' in period '6m'
2024-11-12 18:13:49,943 [INFO] Retrieved 54 transactions for ticker 'AAPL' in period '6m'
2024-11-12 18:14:02,578 [INFO] Retrieved 54 transactions for ticker 'AAPL' in period '6m'
2024-11-12 18:15:25,037 [INFO] Retrieved 54 transactions for ticker 'AAPL' in period '6m'
2024-11-12 18:16:35,363 [WARNING] No transactions found for ticker 'META' in period '6m'
2024-11-12 18:16:40,774 [WARNING] No transactions found for ticker 'NVDA' in period '6m'
